[debug] [2024-02-17T22:41:03.507Z] ----------------------------------------------------------------------
[debug] [2024-02-17T22:41:03.511Z] Command:       /home/ydemirci/Downloads/node-v20.10.0-linux-x64/bin/node /home/ydemirci/Downloads/node-v20.10.0-linux-x64/bin/firebase deploy
[debug] [2024-02-17T22:41:03.511Z] CLI Version:   13.0.2
[debug] [2024-02-17T22:41:03.512Z] Platform:      linux
[debug] [2024-02-17T22:41:03.512Z] Node Version:  v20.10.0
[debug] [2024-02-17T22:41:03.512Z] Time:          Sat Feb 17 2024 17:41:03 GMT-0500 (Eastern Standard Time)
[debug] [2024-02-17T22:41:03.512Z] ----------------------------------------------------------------------
[debug] 
[debug] [2024-02-17T22:41:03.516Z] >>> [apiv2][query] GET https://firebase-public.firebaseio.com/cli.json [none]
[debug] [2024-02-17T22:41:03.674Z] > command requires scopes: ["email","openid","https://www.googleapis.com/auth/cloudplatformprojects.readonly","https://www.googleapis.com/auth/firebase","https://www.googleapis.com/auth/cloud-platform"]
[debug] [2024-02-17T22:41:03.675Z] > authorizing via signed-in user (yekta.dmrc@gmail.com)
[debug] [2024-02-17T22:41:03.675Z] [iam] checking project website-180ad for permissions ["firebase.projects.get","firebasehosting.sites.update"]
[debug] [2024-02-17T22:41:03.676Z] > refreshing access token with scopes: []
[debug] [2024-02-17T22:41:03.678Z] >>> [apiv2][query] POST https://www.googleapis.com/oauth2/v3/token [none]
[debug] [2024-02-17T22:41:03.678Z] >>> [apiv2][body] POST https://www.googleapis.com/oauth2/v3/token [omitted]
[debug] [2024-02-17T22:41:03.778Z] <<< [apiv2][status] GET https://firebase-public.firebaseio.com/cli.json 200
[debug] [2024-02-17T22:41:03.779Z] <<< [apiv2][body] GET https://firebase-public.firebaseio.com/cli.json {"cloudBuildErrorAfter":1594252800000,"cloudBuildWarnAfter":1590019200000,"defaultNode10After":1594252800000,"minVersion":"3.0.5","node8DeploysDisabledAfter":1613390400000,"node8RuntimeDisabledAfter":1615809600000,"node8WarnAfter":1600128000000}
[debug] [2024-02-17T22:41:03.830Z] <<< [apiv2][status] POST https://www.googleapis.com/oauth2/v3/token 200
[debug] [2024-02-17T22:41:03.830Z] <<< [apiv2][body] POST https://www.googleapis.com/oauth2/v3/token [omitted]
[debug] [2024-02-17T22:41:03.842Z] >>> [apiv2][query] POST https://cloudresourcemanager.googleapis.com/v1/projects/website-180ad:testIamPermissions [none]
[debug] [2024-02-17T22:41:03.842Z] >>> [apiv2][(partial)header] POST https://cloudresourcemanager.googleapis.com/v1/projects/website-180ad:testIamPermissions x-goog-quota-user=projects/website-180ad
[debug] [2024-02-17T22:41:03.842Z] >>> [apiv2][body] POST https://cloudresourcemanager.googleapis.com/v1/projects/website-180ad:testIamPermissions {"permissions":["firebase.projects.get","firebasehosting.sites.update"]}
